0.00056, 0.125126
0.00064, 19.455550000000002
0.00065, 77.956481
0.00067, 112.985626
0.00068, 195.269631
0.00078, 231.29062799999997
0.0008, 246.989349
0.00083, 266.194647
0.00096, 277.388836
0.001, 296.594134
0.0019, 301.260415
0.0021, 311.325419
0.0027, 313.287759
0.0027, 375.273904
0.003, 376.24134000000004
0.0046, 384.28907200000003
0.0049, 399.987793
0.0088, 411.896115
0.026, 415.427106
0.026, 421.01809699999995
0.19, 428.31507300000004
0.2, 441.190831
0.23, 448.200933
0.24, 475.47837699999997
0.24, 481.069368
